<?xml version="1.0" encoding="UTF-8"?>
<testng-results ignored="0" total="1" passed="1" failed="0" skipped="0">
  <reporter-output>
  </reporter-output>
  <suite started-at="2023-12-30T17:51:20 WIB" name="Default suite" finished-at="2023-12-30T17:51:25 WIB" duration-ms="4855">
    <groups>
    </groups>
    <test started-at="2023-12-30T17:51:20 WIB" name="Default test" finished-at="2023-12-30T17:51:25 WIB" duration-ms="4855">
      <class name="Testing.ComputeHub.TestAdmin">
        <test-method is-config="true" signature="launchBrowser()[pri:0, instance:Testing.ComputeHub.TestAdmin@27f981c6]" started-at="2023-12-30T17:51:20 WIB" name="launchBrowser" finished-at="2023-12-30T17:51:22 WIB" duration-ms="1883" status="PASS">
          <reporter-output>
          </reporter-output>
        </test-method> <!-- launchBrowser -->
        <test-method signature="TC11()[pri:0, instance:Testing.ComputeHub.TestAdmin@27f981c6]" started-at="2023-12-30T17:51:22 WIB" name="TC11" finished-at="2023-12-30T17:51:24 WIB" duration-ms="1812" status="PASS">
          <reporter-output>
          </reporter-output>
        </test-method> <!-- TC11 -->
        <test-method is-config="true" signature="closeBrowser()[pri:0, instance:Testing.ComputeHub.TestAdmin@27f981c6]" started-at="2023-12-30T17:51:24 WIB" name="closeBrowser" finished-at="2023-12-30T17:51:25 WIB" duration-ms="1112" status="PASS">
          <reporter-output>
          </reporter-output>
        </test-method> <!-- closeBrowser -->
      </class> <!-- Testing.ComputeHub.TestAdmin -->
    </test> <!-- Default test -->
  </suite> <!-- Default suite -->
</testng-results>
