<?xml version="1.0" encoding="UTF-8"?>
<!-- Generated by org.testng.reporters.JUnitXMLReporter -->
<testsuite ignored="22" hostname="RyK-PC" failures="0" tests="1" name="Default test" time="5.755" errors="0" timestamp="2023-12-30T12:14:52 WIB">
  <testcase classname="Testing.ComputeHub.TestUser" name="TC23" time="3.675"/>
  <testcase classname="Testing.ComputeHub.TestUser" name="TC09" time="0.0">
    <ignored/>
  </testcase> <!-- TC09 -->
  <testcase classname="Testing.ComputeHub.TestUser" name="TC20" time="0.0">
    <ignored/>
  </testcase> <!-- TC20 -->
  <testcase classname="Testing.ComputeHub.TestUser" name="TC21" time="0.0">
    <ignored/>
  </testcase> <!-- TC21 -->
  <testcase classname="Testing.ComputeHub.TestUser" name="TC10" time="0.0">
    <ignored/>
  </testcase> <!-- TC10 -->
  <testcase classname="Testing.ComputeHub.TestUser" name="TC22" time="0.0">
    <ignored/>
  </testcase> <!-- TC22 -->
  <testcase classname="Testing.ComputeHub.TestUser" name="TC11" time="0.0">
    <ignored/>
  </testcase> <!-- TC11 -->
  <testcase classname="Testing.ComputeHub.TestUser" name="TC17" time="0.0">
    <ignored/>
  </testcase> <!-- TC17 -->
  <testcase classname="Testing.ComputeHub.TestUser" name="TC05" time="0.0">
    <ignored/>
  </testcase> <!-- TC05 -->
  <testcase classname="Testing.ComputeHub.TestUser" name="TC06" time="0.0">
    <ignored/>
  </testcase> <!-- TC06 -->
  <testcase classname="Testing.ComputeHub.TestUser" name="TC16" time="0.0">
    <ignored/>
  </testcase> <!-- TC16 -->
  <testcase classname="Testing.ComputeHub.TestUser" name="TC18" time="0.0">
    <ignored/>
  </testcase> <!-- TC18 -->
  <testcase classname="Testing.ComputeHub.TestUser" name="TC07" time="0.0">
    <ignored/>
  </testcase> <!-- TC07 -->
  <testcase classname="Testing.ComputeHub.TestUser" name="TC19" time="0.0">
    <ignored/>
  </testcase> <!-- TC19 -->
  <testcase classname="Testing.ComputeHub.TestUser" name="TC08" time="0.0">
    <ignored/>
  </testcase> <!-- TC08 -->
  <testcase classname="Testing.ComputeHub.TestUser" name="TC13" time="0.0">
    <ignored/>
  </testcase> <!-- TC13 -->
  <testcase classname="Testing.ComputeHub.TestUser" name="TC01" time="0.0">
    <ignored/>
  </testcase> <!-- TC01 -->
  <testcase classname="Testing.ComputeHub.TestUser" name="TC02" time="0.0">
    <ignored/>
  </testcase> <!-- TC02 -->
  <testcase classname="Testing.ComputeHub.TestUser" name="TC12" time="0.0">
    <ignored/>
  </testcase> <!-- TC12 -->
  <testcase classname="Testing.ComputeHub.TestUser" name="TC15" time="0.0">
    <ignored/>
  </testcase> <!-- TC15 -->
  <testcase classname="Testing.ComputeHub.TestUser" name="TC03" time="0.0">
    <ignored/>
  </testcase> <!-- TC03 -->
  <testcase classname="Testing.ComputeHub.TestUser" name="TC04" time="0.0">
    <ignored/>
  </testcase> <!-- TC04 -->
  <testcase classname="Testing.ComputeHub.TestUser" name="TC14" time="0.0">
    <ignored/>
  </testcase> <!-- TC14 -->
</testsuite> <!-- Default test -->
