<?xml version="1.0" encoding="UTF-8"?>
<!-- Generated by org.testng.reporters.JUnitXMLReporter -->
<testsuite ignored="1" hostname="RyK-PC" failures="0" tests="10" name="Default test" time="32.057" errors="0" timestamp="2023-12-29T14:26:13 WIB">
  <testcase classname="Testing.ComputeHub.TestUser" name="TC1" time="0.874"/>
  <testcase classname="Testing.ComputeHub.TestUser" name="TC10" time="1.14"/>
  <testcase classname="Testing.ComputeHub.TestUser" name="TC2" time="0.827"/>
  <testcase classname="Testing.ComputeHub.TestUser" name="TC3" time="1.311"/>
  <testcase classname="Testing.ComputeHub.TestUser" name="TC4" time="1.341"/>
  <testcase classname="Testing.ComputeHub.TestUser" name="TC5" time="0.584"/>
  <testcase classname="Testing.ComputeHub.TestUser" name="TC6" time="0.295"/>
  <testcase classname="Testing.ComputeHub.TestUser" name="TC7" time="0.331"/>
  <testcase classname="Testing.ComputeHub.TestUser" name="TC8" time="0.32"/>
  <testcase classname="Testing.ComputeHub.TestUser" name="TC9" time="0.362"/>
  <testcase classname="Testing.ComputeHub.TestUser" name="TC11" time="0.0">
    <ignored/>
  </testcase> <!-- TC11 -->
</testsuite> <!-- Default test -->
